{
  "stats": {
    "suites": 6,
    "tests": 18,
    "passes": 15,
    "pending": 0,
    "failures": 3,
    "start": "2025-07-11T07:10:34.805Z",
    "end": "2025-07-11T07:10:43.955Z",
    "duration": 9150,
    "testsRegistered": 18,
    "passPercent": 83.33333333333334,
    "pendingPercent": 0,
    "other": 1,
    "hasOther": true,
    "skipped": 0,
    "hasSkipped": false
  },
  "results": [
    {
      "uuid": "319c28f1-7d96-4e12-a3e3-e968251a8081",
      "title": "",
      "fullFile": "",
      "file": "",
      "beforeHooks": [
        {
          "title": "\"before all\" hook in \"{root}\"",
          "fullTitle": "\"before all\" hook in \"{root}\"",
          "timedOut": false,
          "duration": 255,
          "state": null,
          "speed": null,
          "pass": false,
          "fail": false,
          "pending": false,
          "context": null,
          "code": "agent = request.agent(app); // ✅ persistent session\nconst email = uniqueEmail('commentuser');\n// Register and login an admin user\nawait agent\n  .post('/api/users/register')\n  .send({ name: 'Comment User', email, password: 'TestPassword123', role: 'admin' });\nawait agent\n  .post('/api/users/login')\n  .send({ email, password: 'TestPassword123' });\n// Create a post to comment on\nconst postRes = await agent\n  .post('/api/posts/create')\n  .send({ title: 'Comment Test Post', description: 'For comment tests' });\npostId = postRes.body.post._id;",
          "err": {},
          "uuid": "4a81eb6f-2dbd-49b7-bc56-56683eba0234",
          "parentUUID": "319c28f1-7d96-4e12-a3e3-e968251a8081",
          "isHook": true,
          "skipped": false
        }
      ],
      "afterHooks": [
        {
          "title": "\"after all\" hook in \"{root}\"",
          "fullTitle": "\"after all\" hook in \"{root}\"",
          "timedOut": false,
          "duration": 2016,
          "state": "failed",
          "speed": null,
          "pass": false,
          "fail": true,
          "pending": false,
          "context": null,
          "code": "if (process.env.NODE_ENV === 'test') {\n  await mongoose.connection.dropDatabase();\n  await mongoose.disconnect();\n}",
          "err": {
            "message": "Error: Timeout of 2000ms exceeded. For async tests and hooks, ensure \"done()\" is called; if returning a Promise, ensure it resolves.",
            "estack": "Error: Timeout of 2000ms exceeded. For async tests and hooks, ensure \"done()\" is called; if returning a Promise, ensure it resolves.\n    at listOnTimeout (node:internal/timers:608:17)\n    at process.processTimers (node:internal/timers:543:7)",
            "diff": null
          },
          "uuid": "903e500f-4a03-4d54-9cee-41f7b5c5e607",
          "parentUUID": "319c28f1-7d96-4e12-a3e3-e968251a8081",
          "isHook": true,
          "skipped": false
        },
        {
          "title": "\"after all\" hook",
          "fullTitle": "\"after all\" hook",
          "timedOut": false,
          "duration": 0,
          "state": null,
          "speed": null,
          "pass": false,
          "fail": false,
          "pending": false,
          "context": null,
          "code": "// Clean up test database after all tests\nif (process.env.NODE_ENV === 'test') {\n  await mongoose.connection.dropDatabase();\n  await mongoose.disconnect();\n}",
          "err": {},
          "uuid": "97f60d53-e268-43e3-a771-2a606c1f103e",
          "parentUUID": "319c28f1-7d96-4e12-a3e3-e968251a8081",
          "isHook": true,
          "skipped": false
        }
      ],
      "tests": [],
      "suites": [
        {
          "uuid": "f5e75ee1-e192-48b8-b9dd-c46e89d241c0",
          "title": "Comment API",
          "fullFile": "C:\\Users\\suraj-patel\\Documents\\businessProjectBackend\\test\\comment.test.js",
          "file": "\\test\\comment.test.js",
          "beforeHooks": [],
          "afterHooks": [],
          "tests": [
            {
              "title": "should create a comment on a post",
              "fullTitle": "Comment API should create a comment on a post",
              "timedOut": true,
              "duration": 2015,
              "state": "failed",
              "speed": null,
              "pass": false,
              "fail": true,
              "pending": false,
              "context": null,
              "code": "const res = await agent\n  .post('/api/comments/create')\n  .send({\n    content: 'This is a test comment',\n    postId,\n  });\nexpect(res.statusCode).to.be.oneOf([201, 200]);\nexpect(res.body).to.have.property('success', true);\nexpect(res.body).to.have.property('comment');\nexpect(res.body.comment).to.have.property('content', 'This is a test comment');\ncommentId = res.body.comment._id;",
              "err": {
                "message": "Error: Timeout of 2000ms exceeded. For async tests and hooks, ensure \"done()\" is called; if returning a Promise, ensure it resolves. (C:\\Users\\suraj-patel\\Documents\\businessProjectBackend\\test\\comment.test.js)",
                "estack": "Error: Timeout of 2000ms exceeded. For async tests and hooks, ensure \"done()\" is called; if returning a Promise, ensure it resolves. (C:\\Users\\suraj-patel\\Documents\\businessProjectBackend\\test\\comment.test.js)\n    at listOnTimeout (node:internal/timers:608:17)\n    at process.processTimers (node:internal/timers:543:7)",
                "diff": null
              },
              "uuid": "09a16837-a815-4bb6-a1e6-a5399978eea4",
              "parentUUID": "f5e75ee1-e192-48b8-b9dd-c46e89d241c0",
              "isHook": false,
              "skipped": false
            },
            {
              "title": "should not create a comment without content",
              "fullTitle": "Comment API should not create a comment without content",
              "timedOut": false,
              "duration": 9,
              "state": "passed",
              "speed": "fast",
              "pass": true,
              "fail": false,
              "pending": false,
              "context": null,
              "code": "const res = await agent\n  .post('/api/comments/create')\n  .send({ postId });\nexpect(res.statusCode).to.be.oneOf([400, 422, 500]);\nexpect(res.body).to.have.property('success', false);",
              "err": {},
              "uuid": "e4f163a2-8973-4d6f-937b-9755b4b16611",
              "parentUUID": "f5e75ee1-e192-48b8-b9dd-c46e89d241c0",
              "isHook": false,
              "skipped": false
            },
            {
              "title": "should not create a comment without postId",
              "fullTitle": "Comment API should not create a comment without postId",
              "timedOut": true,
              "duration": 2012,
              "state": "failed",
              "speed": null,
              "pass": false,
              "fail": true,
              "pending": false,
              "context": null,
              "code": "const res = await agent\n  .post('/api/comments/create')\n  .send({ content: 'Missing postId' });\nexpect(res.statusCode).to.be.oneOf([400, 422, 500]);\nexpect(res.body).to.have.property('success', false);",
              "err": {
                "message": "Error: Timeout of 2000ms exceeded. For async tests and hooks, ensure \"done()\" is called; if returning a Promise, ensure it resolves. (C:\\Users\\suraj-patel\\Documents\\businessProjectBackend\\test\\comment.test.js)",
                "estack": "Error: Timeout of 2000ms exceeded. For async tests and hooks, ensure \"done()\" is called; if returning a Promise, ensure it resolves. (C:\\Users\\suraj-patel\\Documents\\businessProjectBackend\\test\\comment.test.js)\n    at listOnTimeout (node:internal/timers:608:17)\n    at process.processTimers (node:internal/timers:543:7)",
                "diff": null
              },
              "uuid": "9c61086a-7bbd-4ed3-a013-b346ccc7ee4c",
              "parentUUID": "f5e75ee1-e192-48b8-b9dd-c46e89d241c0",
              "isHook": false,
              "skipped": false
            }
          ],
          "suites": [],
          "passes": [
            "e4f163a2-8973-4d6f-937b-9755b4b16611"
          ],
          "failures": [
            "09a16837-a815-4bb6-a1e6-a5399978eea4",
            "9c61086a-7bbd-4ed3-a013-b346ccc7ee4c"
          ],
          "pending": [],
          "skipped": [],
          "duration": 4036,
          "root": false,
          "rootEmpty": false,
          "_timeout": 2000
        },
        {
          "uuid": "701e7710-4493-42b3-a84d-8abc7fdf038f",
          "title": "Post API",
          "fullFile": "C:\\Users\\suraj-patel\\Documents\\businessProjectBackend\\test\\post.test.js",
          "file": "\\test\\post.test.js",
          "beforeHooks": [
            {
              "title": "\"before all\" hook in \"Post API\"",
              "fullTitle": "Post API \"before all\" hook in \"Post API\"",
              "timedOut": false,
              "duration": 143,
              "state": null,
              "speed": null,
              "pass": false,
              "fail": false,
              "pending": false,
              "context": null,
              "code": "agent = request.agent(app); // ✅ persistent session\n// Register and login an admin user\nawait agent\n  .post('/api/users/register')\n  .send({ name: 'Post Admin', email: userEmail, password: 'TestPassword123', role: 'admin' });\nawait agent\n  .post('/api/users/login')\n  .send({ email: userEmail, password: 'TestPassword123' });",
              "err": {},
              "uuid": "80b4aa61-5bfa-40c5-b50a-f3007cf5cc85",
              "parentUUID": "701e7710-4493-42b3-a84d-8abc7fdf038f",
              "isHook": true,
              "skipped": false
            }
          ],
          "afterHooks": [],
          "tests": [
            {
              "title": "should create a new post",
              "fullTitle": "Post API should create a new post",
              "timedOut": false,
              "duration": 15,
              "state": "passed",
              "speed": "fast",
              "pass": true,
              "fail": false,
              "pending": false,
              "context": null,
              "code": "const res = await agent\n  .post('/api/posts/create')\n  .send({\n    title: 'Test Post',\n    description: 'This is a test post',\n  });\nexpect(res.statusCode).to.be.oneOf([201, 200]);\nexpect(res.body).to.have.property('success', true);\nexpect(res.body).to.have.property('post');\npostId = res.body.post._id;",
              "err": {},
              "uuid": "ffd2ee82-a114-46a0-8757-c2a10af075f8",
              "parentUUID": "701e7710-4493-42b3-a84d-8abc7fdf038f",
              "isHook": false,
              "skipped": false
            },
            {
              "title": "should create a new post with an image",
              "fullTitle": "Post API should create a new post with an image",
              "timedOut": true,
              "duration": 2010,
              "state": "failed",
              "speed": null,
              "pass": false,
              "fail": true,
              "pending": false,
              "context": null,
              "code": "const uploadsDir = path.join(process.cwd(), 'uploads');\nconst files = fs.existsSync(uploadsDir) ? fs.readdirSync(uploadsDir) : [];\nconst imagePath = files.length > 0 ? path.join(uploadsDir, files[0]) : path.join(process.cwd(), 'sample.png');\nconst res = await agent\n  .post('/api/posts/create')\n  .field('title', 'Test Post With Image')\n  .field('description', 'This is a test post with image')\n  .attach('image', imagePath);\nexpect(res.statusCode).to.be.oneOf([201, 200]);\nexpect(res.body).to.have.property('success', true);\nexpect(res.body).to.have.property('post');\nexpect(res.body.post).to.have.property('image');",
              "err": {
                "message": "Error: Timeout of 2000ms exceeded. For async tests and hooks, ensure \"done()\" is called; if returning a Promise, ensure it resolves. (C:\\Users\\suraj-patel\\Documents\\businessProjectBackend\\test\\post.test.js)",
                "estack": "Error: Timeout of 2000ms exceeded. For async tests and hooks, ensure \"done()\" is called; if returning a Promise, ensure it resolves. (C:\\Users\\suraj-patel\\Documents\\businessProjectBackend\\test\\post.test.js)\n    at listOnTimeout (node:internal/timers:608:17)\n    at process.processTimers (node:internal/timers:543:7)",
                "diff": null
              },
              "uuid": "cc25a5f8-bd98-48df-8436-f7c02b7ff92f",
              "parentUUID": "701e7710-4493-42b3-a84d-8abc7fdf038f",
              "isHook": false,
              "skipped": false
            },
            {
              "title": "should get all posts",
              "fullTitle": "Post API should get all posts",
              "timedOut": false,
              "duration": 15,
              "state": "passed",
              "speed": "fast",
              "pass": true,
              "fail": false,
              "pending": false,
              "context": null,
              "code": "const res = await agent.get('/api/posts/');\nexpect(res.statusCode).to.equal(200);\nexpect(res.body).to.have.property('success', true);\nexpect(res.body).to.have.property('posts');\nexpect(res.body.posts).to.be.an('array');",
              "err": {},
              "uuid": "93684c61-2d51-4d47-892c-50cbf61c92a4",
              "parentUUID": "701e7710-4493-42b3-a84d-8abc7fdf038f",
              "isHook": false,
              "skipped": false
            },
            {
              "title": "should get a post by ID",
              "fullTitle": "Post API should get a post by ID",
              "timedOut": false,
              "duration": 13,
              "state": "passed",
              "speed": "fast",
              "pass": true,
              "fail": false,
              "pending": false,
              "context": null,
              "code": "const res = await agent.get(`/api/posts/${postId}`);\nexpect(res.statusCode).to.equal(200);\nexpect(res.body).to.have.property('success', true);\nexpect(res.body).to.have.property('post');\nexpect(res.body.post).to.have.property('_id', postId);",
              "err": {},
              "uuid": "96117803-13be-4750-a783-b01c0548d463",
              "parentUUID": "701e7710-4493-42b3-a84d-8abc7fdf038f",
              "isHook": false,
              "skipped": false
            },
            {
              "title": "should like a post",
              "fullTitle": "Post API should like a post",
              "timedOut": false,
              "duration": 11,
              "state": "passed",
              "speed": "fast",
              "pass": true,
              "fail": false,
              "pending": false,
              "context": null,
              "code": "const res = await agent.put(`/api/posts/${postId}/like`);\nexpect(res.statusCode).to.equal(200);\nexpect(res.body).to.have.property('success', true);\nexpect(res.body).to.have.property('liked');\nexpect(res.body).to.have.property('likes');",
              "err": {},
              "uuid": "d0c1f0e8-dacb-4184-9906-c658882943af",
              "parentUUID": "701e7710-4493-42b3-a84d-8abc7fdf038f",
              "isHook": false,
              "skipped": false
            },
            {
              "title": "should update a post",
              "fullTitle": "Post API should update a post",
              "timedOut": false,
              "duration": 9,
              "state": "passed",
              "speed": "fast",
              "pass": true,
              "fail": false,
              "pending": false,
              "context": null,
              "code": "const res = await agent\n  .put(`/api/posts/${postId}`)\n  .send({ title: 'Updated Title', description: 'Updated description' });\nexpect(res.statusCode).to.be.oneOf([200, 201]);\nexpect(res.body).to.have.property('success', true);\nexpect(res.body).to.have.property('post');\nexpect(res.body.post).to.have.property('title', 'Updated Title');",
              "err": {},
              "uuid": "bf25da3b-1459-437b-8704-550a2a3db81f",
              "parentUUID": "701e7710-4493-42b3-a84d-8abc7fdf038f",
              "isHook": false,
              "skipped": false
            },
            {
              "title": "should delete a post",
              "fullTitle": "Post API should delete a post",
              "timedOut": false,
              "duration": 8,
              "state": "passed",
              "speed": "fast",
              "pass": true,
              "fail": false,
              "pending": false,
              "context": null,
              "code": "const res = await agent.delete(`/api/posts/${postId}`);\nexpect(res.statusCode).to.equal(200);\nexpect(res.body).to.have.property('success', true);\nexpect(res.body).to.have.property('message');",
              "err": {},
              "uuid": "73367065-253c-4a00-89ef-93241c4fa72d",
              "parentUUID": "701e7710-4493-42b3-a84d-8abc7fdf038f",
              "isHook": false,
              "skipped": false
            }
          ],
          "suites": [],
          "passes": [
            "ffd2ee82-a114-46a0-8757-c2a10af075f8",
            "93684c61-2d51-4d47-892c-50cbf61c92a4",
            "96117803-13be-4750-a783-b01c0548d463",
            "d0c1f0e8-dacb-4184-9906-c658882943af",
            "bf25da3b-1459-437b-8704-550a2a3db81f",
            "73367065-253c-4a00-89ef-93241c4fa72d"
          ],
          "failures": [
            "cc25a5f8-bd98-48df-8436-f7c02b7ff92f"
          ],
          "pending": [],
          "skipped": [],
          "duration": 2081,
          "root": false,
          "rootEmpty": false,
          "_timeout": 2000
        },
        {
          "uuid": "c297ef6f-af2e-48f0-b307-294457e2aa5e",
          "title": "User API",
          "fullFile": "C:\\Users\\suraj-patel\\Documents\\businessProjectBackend\\test\\user.test.js",
          "file": "\\test\\user.test.js",
          "beforeHooks": [],
          "afterHooks": [],
          "tests": [],
          "suites": [
            {
              "uuid": "ff3f0fd4-82a3-4b0e-bb7f-9b8047837510",
              "title": "POST /api/users/register",
              "fullFile": "C:\\Users\\suraj-patel\\Documents\\businessProjectBackend\\test\\user.test.js",
              "file": "\\test\\user.test.js",
              "beforeHooks": [],
              "afterHooks": [],
              "tests": [
                {
                  "title": "should register a new user",
                  "fullTitle": "User API POST /api/users/register should register a new user",
                  "timedOut": false,
                  "duration": 69,
                  "state": "passed",
                  "speed": "medium",
                  "pass": true,
                  "fail": false,
                  "pending": false,
                  "context": null,
                  "code": "const email = uniqueEmail('testuser');\nconst res = await request(app)\n  .post('/api/users/register')\n  .send({\n    name: 'Test User',\n    email,\n    password: 'TestPassword123',\n  });\nexpect(res.statusCode).to.equal(201);\nexpect(res.body).to.have.property('success', true);\nexpect(res.body).to.have.property('user');\nexpect(res.body.user).to.have.property('email', email);",
                  "err": {},
                  "uuid": "8a54f8b5-cf5d-4dac-9b2f-154f3c34896a",
                  "parentUUID": "ff3f0fd4-82a3-4b0e-bb7f-9b8047837510",
                  "isHook": false,
                  "skipped": false
                },
                {
                  "title": "should not register a user with an existing email",
                  "fullTitle": "User API POST /api/users/register should not register a user with an existing email",
                  "timedOut": false,
                  "duration": 78,
                  "state": "passed",
                  "speed": "slow",
                  "pass": true,
                  "fail": false,
                  "pending": false,
                  "context": null,
                  "code": "const email = uniqueEmail('duplicate');\nawait request(app)\n  .post('/api/users/register')\n  .send({\n    name: 'Test User',\n    email,\n    password: 'TestPassword123',\n  });\nconst res = await request(app)\n  .post('/api/users/register')\n  .send({\n    name: 'Test User',\n    email,\n    password: 'TestPassword123',\n  });\nexpect(res.statusCode).to.be.oneOf([400, 409]);\nexpect(res.body).to.have.property('success', false);",
                  "err": {},
                  "uuid": "5b9fc2ec-1217-4a34-a21d-607e25819861",
                  "parentUUID": "ff3f0fd4-82a3-4b0e-bb7f-9b8047837510",
                  "isHook": false,
                  "skipped": false
                },
                {
                  "title": "should not register a user with missing fields",
                  "fullTitle": "User API POST /api/users/register should not register a user with missing fields",
                  "timedOut": false,
                  "duration": 5,
                  "state": "passed",
                  "speed": "fast",
                  "pass": true,
                  "fail": false,
                  "pending": false,
                  "context": null,
                  "code": "const res = await request(app)\n  .post('/api/users/register')\n  .send({\n    email: uniqueEmail('missingfields'),\n  });\nexpect(res.statusCode).to.be.oneOf([400, 422]);\nexpect(res.body).to.have.property('success', false);",
                  "err": {},
                  "uuid": "96526195-9835-4385-b1c9-25e071a64a07",
                  "parentUUID": "ff3f0fd4-82a3-4b0e-bb7f-9b8047837510",
                  "isHook": false,
                  "skipped": false
                }
              ],
              "suites": [],
              "passes": [
                "8a54f8b5-cf5d-4dac-9b2f-154f3c34896a",
                "5b9fc2ec-1217-4a34-a21d-607e25819861",
                "96526195-9835-4385-b1c9-25e071a64a07"
              ],
              "failures": [],
              "pending": [],
              "skipped": [],
              "duration": 152,
              "root": false,
              "rootEmpty": false,
              "_timeout": 2000
            },
            {
              "uuid": "2de6987d-ea04-4f2d-91c8-25f37f3a7103",
              "title": "POST /api/users/login",
              "fullFile": "C:\\Users\\suraj-patel\\Documents\\businessProjectBackend\\test\\user.test.js",
              "file": "\\test\\user.test.js",
              "beforeHooks": [],
              "afterHooks": [],
              "tests": [
                {
                  "title": "should login an existing user",
                  "fullTitle": "User API POST /api/users/login should login an existing user",
                  "timedOut": false,
                  "duration": 137,
                  "state": "passed",
                  "speed": "slow",
                  "pass": true,
                  "fail": false,
                  "pending": false,
                  "context": null,
                  "code": "const email = uniqueEmail('loginuser');\n// Register user first\nawait request(app)\n  .post('/api/users/register')\n  .send({\n    name: 'Login User',\n    email,\n    password: 'TestPassword123',\n  });\n// Now login\nconst res = await request(app)\n  .post('/api/users/login')\n  .send({\n    email,\n    password: 'TestPassword123',\n  });\nexpect(res.statusCode).to.equal(200);\nexpect(res.body).to.have.property('success', true);\nexpect(res.body.user).to.have.property('email', email);",
                  "err": {},
                  "uuid": "fdce104b-cd04-4d93-a30b-a8661b7a88e3",
                  "parentUUID": "2de6987d-ea04-4f2d-91c8-25f37f3a7103",
                  "isHook": false,
                  "skipped": false
                },
                {
                  "title": "should not login with wrong password",
                  "fullTitle": "User API POST /api/users/login should not login with wrong password",
                  "timedOut": false,
                  "duration": 136,
                  "state": "passed",
                  "speed": "slow",
                  "pass": true,
                  "fail": false,
                  "pending": false,
                  "context": null,
                  "code": "const email = uniqueEmail('wrongpass');\n// Register user first\nawait request(app)\n  .post('/api/users/register')\n  .send({\n    name: 'Wrong Password User',\n    email,\n    password: 'TestPassword123',\n  });\n// Try wrong password\nconst res = await request(app)\n  .post('/api/users/login')\n  .send({\n    email,\n    password: 'WrongPassword',\n  });\nexpect(res.statusCode).to.be.oneOf([400, 401]);\nexpect(res.body).to.have.property('success', false);",
                  "err": {},
                  "uuid": "54f9e881-9b88-4d0a-b42a-6be948ffe09f",
                  "parentUUID": "2de6987d-ea04-4f2d-91c8-25f37f3a7103",
                  "isHook": false,
                  "skipped": false
                },
                {
                  "title": "should not login non-existent user",
                  "fullTitle": "User API POST /api/users/login should not login non-existent user",
                  "timedOut": false,
                  "duration": 5,
                  "state": "passed",
                  "speed": "fast",
                  "pass": true,
                  "fail": false,
                  "pending": false,
                  "context": null,
                  "code": "const res = await request(app)\n  .post('/api/users/login')\n  .send({\n    email: uniqueEmail('nonexistent'),\n    password: 'AnyPassword',\n  });\nexpect(res.statusCode).to.be.oneOf([400, 401, 404]);\nexpect(res.body).to.have.property('success', false);",
                  "err": {},
                  "uuid": "09e06d7c-58a4-4b88-b4cc-49a7b7df6b19",
                  "parentUUID": "2de6987d-ea04-4f2d-91c8-25f37f3a7103",
                  "isHook": false,
                  "skipped": false
                }
              ],
              "suites": [],
              "passes": [
                "fdce104b-cd04-4d93-a30b-a8661b7a88e3",
                "54f9e881-9b88-4d0a-b42a-6be948ffe09f",
                "09e06d7c-58a4-4b88-b4cc-49a7b7df6b19"
              ],
              "failures": [],
              "pending": [],
              "skipped": [],
              "duration": 278,
              "root": false,
              "rootEmpty": false,
              "_timeout": 2000
            }
          ],
          "passes": [],
          "failures": [],
          "pending": [],
          "skipped": [],
          "duration": 0,
          "root": false,
          "rootEmpty": false,
          "_timeout": 2000
        },
        {
          "uuid": "62c9ba40-3147-4084-8a33-88696d53e37d",
          "title": "User Complaint API",
          "fullFile": "C:\\Users\\suraj-patel\\Documents\\businessProjectBackend\\test\\userComplaint.test.js",
          "file": "\\test\\userComplaint.test.js",
          "beforeHooks": [
            {
              "title": "\"before all\" hook in \"User Complaint API\"",
              "fullTitle": "User Complaint API \"before all\" hook in \"User Complaint API\"",
              "timedOut": false,
              "duration": 136,
              "state": null,
              "speed": null,
              "pass": false,
              "fail": false,
              "pending": false,
              "context": null,
              "code": "// Create a persistent agent to store cookies across requests\nagent = request.agent(app);\n// Register the user\nawait agent\n  .post('/api/users/register')\n  .send({\n    name: 'Complaint User',\n    email: userEmail,\n    password: 'TestPassword123',\n  });\n// Login the user (cookie will be stored in agent)\nawait agent\n  .post('/api/users/login')\n  .send({\n    email: userEmail,\n    password: 'TestPassword123',\n  });\n// No need to manually extract token — cookie is stored in agent",
              "err": {},
              "uuid": "8d429d1f-9084-45a5-bc01-3632f184801b",
              "parentUUID": "62c9ba40-3147-4084-8a33-88696d53e37d",
              "isHook": true,
              "skipped": false
            }
          ],
          "afterHooks": [
            {
              "title": "\"after all\" hook in \"User Complaint API\"",
              "fullTitle": "User Complaint API \"after all\" hook in \"User Complaint API\"",
              "timedOut": false,
              "duration": 10,
              "state": null,
              "speed": null,
              "pass": false,
              "fail": false,
              "pending": false,
              "context": null,
              "code": "if (process.env.NODE_ENV === 'test') {\n  await mongoose.connection.dropDatabase();\n  await mongoose.disconnect();\n}",
              "err": {},
              "uuid": "6e15b0fa-5c19-4e70-b1ed-77319553f78b",
              "parentUUID": "62c9ba40-3147-4084-8a33-88696d53e37d",
              "isHook": true,
              "skipped": false
            }
          ],
          "tests": [
            {
              "title": "should raise a new complaint",
              "fullTitle": "User Complaint API should raise a new complaint",
              "timedOut": false,
              "duration": 9,
              "state": "passed",
              "speed": "fast",
              "pass": true,
              "fail": false,
              "pending": false,
              "context": null,
              "code": "const res = await agent\n  .post('/api/complaints/raise')\n  .send({\n    orderId: 'ORDER123',\n    productType: 'Electronics',\n    description: 'Received a damaged product',\n  });\nexpect(res.statusCode).to.be.oneOf([201, 200]);\nexpect(res.body).to.have.property('message');\nexpect(res.body).to.have.property('complaint');\nexpect(res.body.complaint).to.have.property('orderId', 'ORDER123');\ncomplaintId = res.body.complaint._id;",
              "err": {},
              "uuid": "57844640-180d-447a-8f92-f6b1875c1248",
              "parentUUID": "62c9ba40-3147-4084-8a33-88696d53e37d",
              "isHook": false,
              "skipped": false
            },
            {
              "title": "should not raise a complaint with missing fields",
              "fullTitle": "User Complaint API should not raise a complaint with missing fields",
              "timedOut": false,
              "duration": 6,
              "state": "passed",
              "speed": "fast",
              "pass": true,
              "fail": false,
              "pending": false,
              "context": null,
              "code": "const res = await agent // ✅ use the authenticated agent\n  .post('/api/complaints/raise')\n  .send({ orderId: 'ORDER123', productType: 'Electronics' });\nexpect(res.statusCode).to.be.oneOf([400, 422]);\n// expect(res.body).to.have.property('error');",
              "err": {},
              "uuid": "561d6b3c-9dc0-44b7-81da-92562c81e789",
              "parentUUID": "62c9ba40-3147-4084-8a33-88696d53e37d",
              "isHook": false,
              "skipped": false
            }
          ],
          "suites": [],
          "passes": [
            "57844640-180d-447a-8f92-f6b1875c1248",
            "561d6b3c-9dc0-44b7-81da-92562c81e789"
          ],
          "failures": [],
          "pending": [],
          "skipped": [],
          "duration": 15,
          "root": false,
          "rootEmpty": false,
          "_timeout": 10000
        }
      ],
      "passes": [],
      "failures": [],
      "pending": [],
      "skipped": [],
      "duration": 0,
      "root": true,
      "rootEmpty": true,
      "_timeout": 2000
    }
  ],
  "meta": {
    "mocha": {
      "version": "11.7.1"
    },
    "mochawesome": {
      "options": {
        "quiet": false,
        "reportFilename": "mochawesome",
        "saveHtml": true,
        "saveJson": true,
        "consoleReporter": "spec",
        "useInlineDiffs": false,
        "code": true
      },
      "version": "7.1.3"
    },
    "marge": {
      "options": null,
      "version": "6.2.0"
    }
  }
}